<?xml version="1.0" encoding="UTF-8"?>
<testng-results ignored="0" total="2" passed="2" failed="0" skipped="0">
  <reporter-output>
  </reporter-output>
  <suite started-at="2025-07-10T13:24:16 EET" name="Default suite" finished-at="2025-07-10T13:24:18 EET" duration-ms="1872">
    <groups>
    </groups>
    <test started-at="2025-07-10T13:24:16 EET" name="Default test" finished-at="2025-07-10T13:24:18 EET" duration-ms="1872">
      <class name="firstProject.Practice">
        <test-method is-config="true" signature="mySetup()[pri:0, instance:firstProject.Practice@45815ffc]" started-at="2025-07-10T13:24:16 EET" name="mySetup" finished-at="2025-07-10T13:24:17 EET" duration-ms="1575" status="PASS">
          <reporter-output>
          </reporter-output>
        </test-method> <!-- mySetup -->
        <test-method signature="login()[pri:1, instance:firstProject.Practice@45815ffc]" started-at="2025-07-10T13:24:17 EET" name="login" finished-at="2025-07-10T13:24:18 EET" duration-ms="129" status="PASS">
          <reporter-output>
          </reporter-output>
        </test-method> <!-- login -->
        <test-method signature="AddItemtothecart()[pri:2, instance:firstProject.Practice@45815ffc]" started-at="2025-07-10T13:24:18 EET" name="AddItemtothecart" finished-at="2025-07-10T13:24:18 EET" duration-ms="148" status="PASS">
          <reporter-output>
          </reporter-output>
        </test-method> <!-- AddItemtothecart -->
      </class> <!-- firstProject.Practice -->
    </test> <!-- Default test -->
  </suite> <!-- Default suite -->
</testng-results>
